șa 10
eu 9
fi 9
de 6
in 6
si 5
preda 4
bun 3
din 3
iar 3
interesa 3
liceu 3
nu 3
activitate 2
alega 2
avea 2
cu 2
la 2
pentru 2
profesor 2
temă 2
un 2
vianu 2
șină 2
acasă 1
activ 1
adică 1
afla 1
al 1
anticipa 1
apropia 1
astfel 1
bine 1
binecunoscut 1
bucurești 1
ca 1
calitate 1
car 1
cat 1
cel 1
cerință 1
cocoșa 1
concis 1
cum 1
cură 1
cât 1
desfășura 1
dincolo 1
dintre 1
disciplină 1
dor 1
el 1
elev 1
etc 1
exagera 1
exces 1
extrașcolar 1
fizic 1
gheorghe 1
implica 1
info 1
informatic 1
interactiv 1
intersemenstrial 1
intra 1
lazăr 1
lele 1
mai 1
mat 1
matematic 1
mihai 1
mod 1
mulțumesc 1
muncă 1
nașpa 1
ni 1
obligă 1
oferi 1
oscilă 1
pe 1
place 1
posibil 1
pretenție 1
prin 1
principiu 1
profesorie 1
profil 1
provincie 1
raport 1
recupera 1
rămâne 1
răspunde 1
simț 1
special 1
spera 1
timp 1
toceală 1
tot 1
transfera 1
tudor 1
târg 1
unu 1
viteaz 1
vrea 1
încât 1
țipa 1
